<?xml version="1.0" encoding="UTF-8" ?>
<testsuite tests="12" failures="3" name="com.stout.order.OrderTest" time="0.023" errors="0" skipped="0">
  <properties>
    <property name="java.runtime.name" value="Java(TM) SE Runtime Environment"/>
    <property name="java.vm.version" value="14.0.2+12-46"/>
    <property name="sun.boot.library.path" value="C:\Program Files\Java\jdk-14.0.2\bin"/>
    <property name="maven.multiModuleProjectDirectory" value="C:\Users\ragbr\Desktop\Scripts\JavaII\OrderSystem"/>
    <property name="java.vm.vendor" value="Oracle Corporation"/>
    <property name="java.vendor.url" value="https://java.oracle.com/"/>
    <property name="guice.disable.misplaced.annotation.check" value="true"/>
    <property name="path.separator" value=";"/>
    <property name="java.vm.name" value="Java HotSpot(TM) 64-Bit Server VM"/>
    <property name="sun.os.patch.level" value=""/>
    <property name="user.script" value=""/>
    <property name="user.country" value="US"/>
    <property name="sun.java.launcher" value="SUN_STANDARD"/>
    <property name="test" value="com.stout.order.OrderTest"/>
    <property name="java.vm.specification.name" value="Java Virtual Machine Specification"/>
    <property name="user.dir" value="C:\Users\ragbr\Desktop\Scripts\JavaII\OrderSystem"/>
    <property name="java.vm.compressedOopsMode" value="Zero based"/>
    <property name="java.runtime.version" value="14.0.2+12-46"/>
    <property name="os.arch" value="amd64"/>
    <property name="java.io.tmpdir" value="C:\Users\ragbr\AppData\Local\Temp\"/>
    <property name="line.separator" value="
"/>
    <property name="java.vm.specification.vendor" value="Oracle Corporation"/>
    <property name="user.variant" value=""/>
    <property name="os.name" value="Windows 10"/>
    <property name="maven.ext.class.path" value="C:\Program Files\NetBeans-12.0\netbeans\java\maven-nblib\netbeans-eventspy.jar"/>
    <property name="classworlds.conf" value="C:\Program Files\NetBeans-12.0\netbeans\java\maven\bin\..\bin\m2.conf"/>
    <property name="sun.jnu.encoding" value="Cp1252"/>
    <property name="java.library.path" value="C:\Program Files\Java\jdk-14.0.2\bin;C:\WINDOWS\Sun\Java\bin;C:\WINDOWS\system32;C:\WINDOWS;C:\Program Files\Java\jdk-14.0.2\bin;C:\WINDOWS\system32;C:\WINDOWS;C:\WINDOWS\System32\Wbem;C:\WINDOWS\System32\WindowsPowerShell\v1.0\;C:\WINDOWS\System32\OpenSSH\;C:\Program Files\Microsoft SQL Server\Client SDK\ODBC\170\Tools\Binn\;C:\Program Files (x86)\Microsoft SQL Server\150\Tools\Binn\;C:\Program Files\Microsoft SQL Server\150\Tools\Binn\;C:\Program Files\Microsoft SQL Server\150\DTS\Binn\;C:\Program Files (x86)\Microsoft SQL Server\150\DTS\Binn\;C:\Users\ragbr\AppData\Local\Microsoft\WindowsApps;;."/>
    <property name="maven.conf" value="C:\Program Files\NetBeans-12.0\netbeans\java\maven\bin\../conf"/>
    <property name="jdk.debug" value="release"/>
    <property name="java.class.version" value="58.0"/>
    <property name="java.specification.name" value="Java Platform API Specification"/>
    <property name="sun.management.compiler" value="HotSpot 64-Bit Tiered Compilers"/>
    <property name="os.version" value="10.0"/>
    <property name="library.jansi.path" value="C:\Program Files\NetBeans-12.0\netbeans\java\maven\bin\..\lib\jansi-native"/>
    <property name="user.home" value="C:\Users\ragbr"/>
    <property name="user.timezone" value="America/Chicago"/>
    <property name="file.encoding" value="UTF-8"/>
    <property name="java.specification.version" value="14"/>
    <property name="user.name" value="ragbr"/>
    <property name="java.class.path" value="C:\Program Files\NetBeans-12.0\netbeans\java\maven\bin\..\boot\plexus-classworlds-2.6.0.jar"/>
    <property name="java.vm.specification.version" value="14"/>
    <property name="sun.arch.data.model" value="64"/>
    <property name="sun.java.command" value="org.codehaus.plexus.classworlds.launcher.Launcher -Dtest=com.stout.order.OrderTest -Dmaven.ext.class.path=C:\Program Files\NetBeans-12.0\netbeans\java\maven-nblib\netbeans-eventspy.jar -Dfile.encoding=UTF-8 test-compile surefire:test"/>
    <property name="java.home" value="C:\Program Files\Java\jdk-14.0.2"/>
    <property name="user.language" value="en"/>
    <property name="java.specification.vendor" value="Oracle Corporation"/>
    <property name="java.vm.info" value="mixed mode, sharing"/>
    <property name="java.version" value="14.0.2"/>
    <property name="java.vendor" value="Oracle Corporation"/>
    <property name="maven.home" value="C:\Program Files\NetBeans-12.0\netbeans\java\maven\bin\.."/>
    <property name="file.separator" value="\"/>
    <property name="java.version.date" value="2020-07-14"/>
    <property name="java.vendor.url.bug" value="https://bugreport.java.com/bugreport/"/>
    <property name="sun.io.unicode.encoding" value="UnicodeLittle"/>
    <property name="sun.cpu.endian" value="little"/>
    <property name="sun.cpu.isalist" value="amd64"/>
  </properties>
  <testcase classname="com.stout.order.OrderTest" name="com.stout.order.OrderTest.testCompareToNegative" time="0.023">
    <failure type="java.lang.NullPointerException">java.lang.NullPointerException
	at com.stout.order.Order.compareTo(Order.java:94)
	at com.stout.order.OrderTest.testCompareToNegative(OrderTest.java:156)
</failure>
    <system-out>compareTo
</system-out>
  </testcase>
  <testcase classname="com.stout.order.OrderTest" name="com.stout.order.OrderTest.testGetHighestAllowedOrderDate" time="0"/>
  <testcase classname="com.stout.order.OrderTest" name="com.stout.order.OrderTest.testCompareToPositive" time="0">
    <failure type="java.lang.NullPointerException">java.lang.NullPointerException
	at com.stout.order.Order.compareTo(Order.java:94)
	at com.stout.order.OrderTest.testCompareToPositive(OrderTest.java:145)
</failure>
    <system-out>compareTo
</system-out>
  </testcase>
  <testcase classname="com.stout.order.OrderTest" name="com.stout.order.OrderTest.testGetLowestAllowedOrderDate" time="0"/>
  <testcase classname="com.stout.order.OrderTest" name="com.stout.order.OrderTest.testGetOrderNumber" time="0"/>
  <testcase classname="com.stout.order.OrderTest" name="com.stout.order.OrderTest.testSetOrderNumber" time="0"/>
  <testcase classname="com.stout.order.OrderTest" name="com.stout.order.OrderTest.testSetOrderDate" time="0"/>
  <testcase classname="com.stout.order.OrderTest" name="com.stout.order.OrderTest.testGetOrderDate" time="0"/>
  <testcase classname="com.stout.order.OrderTest" name="com.stout.order.OrderTest.testToString" time="0"/>
  <testcase classname="com.stout.order.OrderTest" name="com.stout.order.OrderTest.testGetVendorID" time="0"/>
  <testcase classname="com.stout.order.OrderTest" name="com.stout.order.OrderTest.testSetVendorID" time="0"/>
  <testcase classname="com.stout.order.OrderTest" name="com.stout.order.OrderTest.testCompareToEqual" time="0">
    <failure type="java.lang.NullPointerException">java.lang.NullPointerException
	at com.stout.order.Order.compareTo(Order.java:94)
	at com.stout.order.OrderTest.testCompareToEqual(OrderTest.java:167)
</failure>
    <system-out>compareTo
</system-out>
  </testcase>
</testsuite>